<?xml version="1.0" encoding="UTF-8"?>
<!-- Generated by org.testng.reporters.JUnitXMLReporter -->
<testsuite ignored="0" hostname="DESKTOP-BKE9C99" failures="1" tests="1" name="Test" time="6.889" errors="0" timestamp="2023-12-27T12:30:39 IST">
  <testcase classname="list.ListTestScript" name="login" time="4.784">
    <failure type="java.lang.AssertionError" message="null">
      <![CDATA[java.lang.AssertionError: null
at list.ListTestScript.login(ListTestScript.java:30)
at java.base/java.util.ArrayList.forEach(ArrayList.java:1511)
... Removed 29 stack frames]]>
    </failure>
  </testcase> <!-- login -->
</testsuite> <!-- Test -->
